#
# A fatal error has been detected by the Java Runtime Environment:
#
#  EXCEPTION_ACCESS_VIOLATION (0xc0000005) at pc=0x000001e5d4db12e7, pid=7040, tid=27176
#
# JRE version: OpenJDK Runtime Environment Temurin-11.0.21+9 (11.0.21+9) (build 11.0.21+9)
# Java VM: OpenJDK 64-Bit Server VM Temurin-11.0.21+9 (11.0.21+9, mixed mode, tiered, compressed oops, g1 gc, windows-amd64)
# Problematic frame:
# v  ~StubRoutines::get_previous_fp
#
# No core dump will be written. Minidumps are not enabled by default on client versions of Windows
#
# If you would like to submit a bug report, please visit:
#   https://github.com/adoptium/adoptium-support/issues
#

---------------  S U M M A R Y ------------

Command Line: -javaagent:C:\woori_workspace\00.sw\eclipse\configuration\org.eclipse.osgi\962\0\.cp\jacocoagent.jar=includes=*,excludes=,exclclassloader=sun.reflect.DelegatingClassLoader,output=tcpclient,port=61199 -Dfile.encoding=UTF-8 dev.syntax.oop.step04Commute.Main

Host: 11th Gen Intel(R) Core(TM) i5-1135G7 @ 2.40GHz, 8 cores, 15G,  Windows 11 , 64 bit Build 22621 (10.0.22621.1344)
Time: Thu Dec 28 22:42:26 2023  Windows 11 , 64 bit Build 22621 (10.0.22621.1344) elapsed time: 0.373687 seconds (0d 0h 0m 0s)

---------------  T H R E A D  ---------------

Current thread (0x000001e5cc624800):  JavaThread "main" [_thread_in_vm, id=27176, stack(0x000000788c700000,0x000000788c800000)]

Stack: [0x000000788c700000,0x000000788c800000],  sp=0x000000788c7ff2e0,  free space=1020k
Native frames: (J=compiled Java code, j=interpreted, Vv=VM code, C=native code)
C  0x000001e5d4db12e7


siginfo: EXCEPTION_ACCESS_VIOLATION (0xc0000005), reading address 0x00000000000003d8


Register to memory mapping:

RIP=0x000001e5d4db12e7 is at begin+8 in a stub
StubRoutines::get_previous_fp [0x000001e5d4db12df, 0x000001e5d4db12ec[ (13 bytes)
RAX=0x00000000000003d8 is an unknown value
RBX=0x000000788c7ff380 is pointing into the stack for thread: 0x000001e5cc624800
RCX=0x000000788c7ff380 is pointing into the stack for thread: 0x000001e5cc624800
RDX=0x0 is NULL
RSP=0x000000788c7ff2e0 is pointing into the stack for thread: 0x000001e5cc624800
RBP=0x000000788c7ff2e0 is pointing into the stack for thread: 0x000001e5cc624800
RSI=0x0 is NULL
RDI=0x000001e5cc624800 is a thread
R8 =0x000000788c7ff258 is pointing into the stack for thread: 0x000001e5cc624800
R9 =0x0 is NULL
R10=0x0 is NULL
R11=0x000000788c7ff310 is pointing into the stack for thread: 0x000001e5cc624800
R12=0x000001e5cc625408 points into unknown readable memory: 0x08046649011abcae | ae bc 1a 01 49 66 04 08
R13=0x000001e5f01f85a0 points into unknown readable memory: 0x000001e5ca2d6b90 | 90 6b 2d ca e5 01 00 00
R14=0x000001e5f0f2a5a0 points into unknown readable memory: 0x00000000ffffffff | ff ff ff ff 00 00 00 00
R15=0x000001e5cc625030 points into unknown readable memory: 0x6e616c2e6176616a | 6a 61 76 61 2e 6c 61 6e


Registers:
RAX=0x00000000000003d8, RBX=0x000000788c7ff380, RCX=0x000000788c7ff380, RDX=0x0000000000000000
RSP=0x000000788c7ff2e0, RBP=0x000000788c7ff2e0, RSI=0x0000000000000000, RDI=0x000001e5cc624800
R8 =0x000000788c7ff258, R9 =0x0000000000000000, R10=0x0000000000000000, R11=0x000000788c7ff310
R12=0x000001e5cc625408, R13=0x000001e5f01f85a0, R14=0x000001e5f0f2a5a0, R15=0x000001e5cc625030
RIP=0x000001e5d4db12e7, EFLAGS=0x0000000000010202

Top of Stack: (sp=0x000000788c7ff2e0)
0x000000788c7ff2e0:   00000000000003d8 00007ffc19fa5b36
0x000000788c7ff2f0:   00007ffc9d95f550 00007ffc9d95f550
0x000000788c7ff300:   000000788c7ff3a0 000000788c7ff330
0x000000788c7ff310:   000001e5cc625020 00007ffc19a2216c
0x000000788c7ff320:   000000788c7ff390 000001e5ca3188a0
0x000000788c7ff330:   00000000000007d0 0000000000007fd8
0x000000788c7ff340:   000001e5cc624800 00007ffc1a0f91e1
0x000000788c7ff350:   000001e5ca3188a0 000001e5cc625020
0x000000788c7ff360:   000001e5cc625020 000001e5ca2da500
0x000000788c7ff370:   000001e5ca3a8198 00007ffc8cc4148c
0x000000788c7ff380:   0000000000000024 00007ffc8cc482d0
0x000000788c7ff390:   000000788c7ff3e0 00007ffc9d95f550
0x000000788c7ff3a0:   00007ffc9d95f550 0000000000000000
0x000000788c7ff3b0:   0000c6c99116689d 00007ffc8cc47ae0
0x000000788c7ff3c0:   000001e5cc624800 00007ffc19fa8250
0x000000788c7ff3d0:   000001e5cc624b48 00007ffc8cc482d0 

Instructions: (pc=0x000001e5d4db12e7)
0x000001e5d4db11e7:   40 18 85 98 fe ff ff 00 62 63 35 40 18 8d 88 fe
0x000001e5d4db11f7:   ff ff 00 62 63 2d 40 18 95 78 fe ff ff 00 62 63
0x000001e5d4db1207:   25 40 18 9d 68 fe ff ff 00 62 63 1d 40 18 a5 58
0x000001e5d4db1217:   fe ff ff 00 62 63 15 40 18 ad 48 fe ff ff 00 62
0x000001e5d4db1227:   63 0d 40 18 b5 38 fe ff ff 00 62 63 05 40 18 bd
0x000001e5d4db1237:   28 fe ff ff 00 4c 8b 7d c8 4c 8b 75 d0 4c 8b 6d
0x000001e5d4db1247:   d8 4c 8b 65 e0 48 8b 5d f8 48 8b 7d e8 48 8b 75
0x000001e5d4db1257:   f0 48 81 c4 d8 01 00 00 c5 f8 77 5d c3 48 89 01
0x000001e5d4db1267:   e9 ab fe ff ff c5 fa 11 01 e9 a2 fe ff ff c5 fb
0x000001e5d4db1277:   11 01 e9 99 fe ff ff 49 89 47 08 49 ba 80 50 2a
0x000001e5d4db1287:   1a fc 7f 00 00 4d 89 57 10 41 c7 47 18 da 01 00
0x000001e5d4db1297:   00 e9 4d fe ff ff 8b c1 87 02 c3 48 8b c1 48 87
0x000001e5d4db12a7:   02 c3 41 8b c0 f0 0f b1 0a c3 49 0f be c0 f0 0f
0x000001e5d4db12b7:   b0 0a c3 49 8b c0 f0 48 0f b1 0a c3 8b c1 f0 0f
0x000001e5d4db12c7:   c1 0a 03 c1 c3 48 8b c1 f0 48 0f c1 0a 48 03 c1
0x000001e5d4db12d7:   c3 f0 83 44 24 c0 00 c3 55 48 8b ec 48 8b 45 00
0x000001e5d4db12e7:   48 8b 00 5d c3 48 8b c4 48 83 c0 08 c3 c3 66 66
0x000001e5d4db12f7:   66 0f 1f 84 00 00 00 00 00 55 48 8b ec 41 54 48
0x000001e5d4db1307:   83 ec 28 49 b9 e0 04 40 1a fc 7f 00 00 f7 d1 41
0x000001e5d4db1317:   bc 00 00 00 00 41 81 f8 00 01 00 00 0f 8c b5 02
0x000001e5d4db1327:   00 00 c5 79 6e d1 62 b1 fe 48 6f 04 22 62 b1 fe
0x000001e5d4db1337:   48 6f 64 22 01 62 d1 fd 48 ef c2 62 52 7d 48 5a
0x000001e5d4db1347:   51 02 41 81 e8 00 01 00 00 41 81 f8 00 01 00 00
0x000001e5d4db1357:   0f 8c 01 01 00 00 62 b1 fe 48 6f 7c 22 02 62 31
0x000001e5d4db1367:   fe 48 6f 44 22 03 62 c2 7d 48 5a 01 41 81 e8 00
0x000001e5d4db1377:   01 00 00 41 81 c4 00 01 00 00 62 b1 fe 48 6f 1c
0x000001e5d4db1387:   22 62 b3 7d 48 44 c8 10 62 b3 7d 48 44 d0 01 62
0x000001e5d4db1397:   f1 f5 48 ef c2 62 f1 fd 48 ef c3 62 b1 fe 48 6f
0x000001e5d4db13a7:   5c 22 01 62 b3 5d 48 44 c8 10 62 b3 5d 48 44 d0
0x000001e5d4db13b7:   01 62 f1 f5 48 ef e2 62 f1 dd 48 ef e3 62 b1 fe
0x000001e5d4db13c7:   48 6f 5c 22 02 62 b3 45 48 44 c8 10 62 b3 45 48
0x000001e5d4db13d7:   44 d0 01 62 f1 f5 48 ef fa 62 f1 c5 48 ef fb 62 


Stack slot to memory mapping:
stack at sp + 0 slots: 0x00000000000003d8 is an unknown value
stack at sp + 1 slots: 0x00007ffc19fa5b36 jvm.dll
stack at sp + 2 slots: 0x00007ffc9d95f550 ucrtbase.dll
stack at sp + 3 slots: 0x00007ffc9d95f550 ucrtbase.dll
stack at sp + 4 slots: 0x000000788c7ff3a0 is pointing into the stack for thread: 0x000001e5cc624800
stack at sp + 5 slots: 0x000000788c7ff330 is pointing into the stack for thread: 0x000001e5cc624800
stack at sp + 6 slots: 0x000001e5cc625020 points into unknown readable memory: 0x000001e5f0f2a590 | 90 a5 f2 f0 e5 01 00 00
stack at sp + 7 slots: 0x00007ffc19a2216c jvm.dll

StubRoutines::get_previous_fp [0x000001e5d4db12df, 0x000001e5d4db12ec[ (13 bytes)
---------------  P R O C E S S  ---------------

Threads class SMR info:
_java_thread_list=0x000001e5f0fdd340, length=12, elements={
0x000001e5cc624800, 0x000001e5f01e5000, 0x000001e5f01f0800, 0x000001e5f0aff000,
0x000001e5f0b00000, 0x000001e5f0b03800, 0x000001e5f0b05800, 0x000001e5f0b0f800,
0x000001e5f0b1c800, 0x000001e5f019b000, 0x000001e5f0c9f000, 0x000001e5f0f4c800
}

Java Threads: ( => current thread )
=>0x000001e5cc624800 JavaThread "main" [_thread_in_vm, id=27176, stack(0x000000788c700000,0x000000788c800000)]
  0x000001e5f01e5000 JavaThread "Reference Handler" daemon [_thread_blocked, id=13692, stack(0x000000788ce00000,0x000000788cf00000)]
  0x000001e5f01f0800 JavaThread "Finalizer" daemon [_thread_blocked, id=15056, stack(0x000000788cf00000,0x000000788d000000)]
  0x000001e5f0aff000 JavaThread "Signal Dispatcher" daemon [_thread_blocked, id=12688, stack(0x000000788d000000,0x000000788d100000)]
  0x000001e5f0b00000 JavaThread "Attach Listener" daemon [_thread_blocked, id=29328, stack(0x000000788d100000,0x000000788d200000)]
  0x000001e5f0b03800 JavaThread "Service Thread" daemon [_thread_blocked, id=15752, stack(0x000000788d200000,0x000000788d300000)]
  0x000001e5f0b05800 JavaThread "C2 CompilerThread0" daemon [_thread_blocked, id=23732, stack(0x000000788d300000,0x000000788d400000)]
  0x000001e5f0b0f800 JavaThread "C1 CompilerThread0" daemon [_thread_blocked, id=288, stack(0x000000788d400000,0x000000788d500000)]
  0x000001e5f0b1c800 JavaThread "Sweeper thread" daemon [_thread_blocked, id=29652, stack(0x000000788d500000,0x000000788d600000)]
  0x000001e5f019b000 JavaThread "Common-Cleaner" daemon [_thread_blocked, id=26468, stack(0x000000788d600000,0x000000788d700000)]
  0x000001e5f0c9f000 JavaThread "C2 CompilerThread1" daemon [_thread_blocked, id=26976, stack(0x000000788d700000,0x000000788d800000)]
  0x000001e5f0f4c800 JavaThread "org.jacoco.agent.rt.internal_c13123e.output.TcpClientOutput" daemon [_thread_in_native, id=30244, stack(0x000000788d800000,0x000000788d900000)]

Other Threads:
  0x000001e5f01df800 VMThread "VM Thread" [stack: 0x000000788cd00000,0x000000788ce00000] [id=1688]
  0x000001e5cc63e000 GCTaskThread "GC Thread#0" [stack: 0x000000788c800000,0x000000788c900000] [id=8912]
  0x000001e5cc694000 ConcurrentGCThread "G1 Main Marker" [stack: 0x000000788c900000,0x000000788ca00000] [id=14540]
  0x000001e5cc696000 ConcurrentGCThread "G1 Conc#0" [stack: 0x000000788ca00000,0x000000788cb00000] [id=496]
  0x000001e5f00c7000 ConcurrentGCThread "G1 Refine#0" [stack: 0x000000788cb00000,0x000000788cc00000] [id=27040]
  0x000001e5f00ca000 ConcurrentGCThread "G1 Young RemSet Sampling" [stack: 0x000000788cc00000,0x000000788cd00000] [id=29248]

Threads with active compile tasks:

VM state:not at safepoint (normal execution)

VM Mutex/Monitor currently owned by a thread: None

Heap address: 0x0000000704400000, size: 4028 MB, Compressed Oops mode: Zero based, Oop shift amount: 3
Narrow klass base: 0x0000000800000000, Narrow klass shift: 0
Compressed class space size: 1073741824 Address: 0x0000000800000000

Heap:
 garbage-first heap   total 258048K, used 5120K [0x0000000704400000, 0x0000000800000000)
  region size 1024K, 7 young (7168K), 0 survivors (0K)
 Metaspace       used 10221K, capacity 10439K, committed 10752K, reserved 1058816K
  class space    used 909K, capacity 941K, committed 1024K, reserved 1048576K
Heap Regions: E=young(eden), S=young(survivor), O=old, HS=humongous(starts), HC=humongous(continues), CS=collection set, F=free, A=archive, TAMS=top-at-mark-start (previous, next)
|   0|0x0000000704400000, 0x0000000704400000, 0x0000000704500000|  0%| F|  |TAMS 0x0000000704400000, 0x0000000704400000| Untracked 
|   1|0x0000000704500000, 0x0000000704500000, 0x0000000704600000|  0%| F|  |TAMS 0x0000000704500000, 0x0000000704500000| Untracked 
|   2|0x0000000704600000, 0x0000000704600000, 0x0000000704700000|  0%| F|  |TAMS 0x0000000704600000, 0x0000000704600000| Untracked 
|   3|0x0000000704700000, 0x0000000704700000, 0x0000000704800000|  0%| F|  |TAMS 0x0000000704700000, 0x0000000704700000| Untracked 
|   4|0x0000000704800000, 0x0000000704800000, 0x0000000704900000|  0%| F|  |TAMS 0x0000000704800000, 0x0000000704800000| Untracked 
|   5|0x0000000704900000, 0x0000000704900000, 0x0000000704a00000|  0%| F|  |TAMS 0x0000000704900000, 0x0000000704900000| Untracked 
|   6|0x0000000704a00000, 0x0000000704a00000, 0x0000000704b00000|  0%| F|  |TAMS 0x0000000704a00000, 0x0000000704a00000| Untracked 
|   7|0x0000000704b00000, 0x0000000704b00000, 0x0000000704c00000|  0%| F|  |TAMS 0x0000000704b00000, 0x0000000704b00000| Untracked 
|   8|0x0000000704c00000, 0x0000000704c00000, 0x0000000704d00000|  0%| F|  |TAMS 0x0000000704c00000, 0x0000000704c00000| Untracked 
|   9|0x0000000704d00000, 0x0000000704d00000, 0x0000000704e00000|  0%| F|  |TAMS 0x0000000704d00000, 0x0000000704d00000| Untracked 
|  10|0x0000000704e00000, 0x0000000704e00000, 0x0000000704f00000|  0%| F|  |TAMS 0x0000000704e00000, 0x0000000704e00000| Untracked 
|  11|0x0000000704f00000, 0x0000000704f00000, 0x0000000705000000|  0%| F|  |TAMS 0x0000000704f00000, 0x0000000704f00000| Untracked 
|  12|0x0000000705000000, 0x0000000705000000, 0x0000000705100000|  0%| F|  |TAMS 0x0000000705000000, 0x0000000705000000| Untracked 
|  13|0x0000000705100000, 0x0000000705100000, 0x0000000705200000|  0%| F|  |TAMS 0x0000000705100000, 0x0000000705100000| Untracked 
|  14|0x0000000705200000, 0x0000000705200000, 0x0000000705300000|  0%| F|  |TAMS 0x0000000705200000, 0x0000000705200000| Untracked 
|  15|0x0000000705300000, 0x0000000705300000, 0x0000000705400000|  0%| F|  |TAMS 0x0000000705300000, 0x0000000705300000| Untracked 
|  16|0x0000000705400000, 0x0000000705400000, 0x0000000705500000|  0%| F|  |TAMS 0x0000000705400000, 0x0000000705400000| Untracked 
|  17|0x0000000705500000, 0x0000000705500000, 0x0000000705600000|  0%| F|  |TAMS 0x0000000705500000, 0x0000000705500000| Untracked 
|  18|0x0000000705600000, 0x0000000705600000, 0x0000000705700000|  0%| F|  |TAMS 0x0000000705600000, 0x0000000705600000| Untracked 
|  19|0x0000000705700000, 0x0000000705700000, 0x0000000705800000|  0%| F|  |TAMS 0x0000000705700000, 0x0000000705700000| Untracked 
|  20|0x0000000705800000, 0x0000000705800000, 0x0000000705900000|  0%| F|  |TAMS 0x0000000705800000, 0x0000000705800000| Untracked 
|  21|0x0000000705900000, 0x0000000705900000, 0x0000000705a00000|  0%| F|  |TAMS 0x0000000705900000, 0x0000000705900000| Untracked 
|  22|0x0000000705a00000, 0x0000000705a00000, 0x0000000705b00000|  0%| F|  |TAMS 0x0000000705a00000, 0x0000000705a00000| Untracked 
|  23|0x0000000705b00000, 0x0000000705b00000, 0x0000000705c00000|  0%| F|  |TAMS 0x0000000705b00000, 0x0000000705b00000| Untracked 
|  24|0x0000000705c00000, 0x0000000705c00000, 0x0000000705d00000|  0%| F|  |TAMS 0x0000000705c00000, 0x0000000705c00000| Untracked 
|  25|0x0000000705d00000, 0x0000000705d00000, 0x0000000705e00000|  0%| F|  |TAMS 0x0000000705d00000, 0x0000000705d00000| Untracked 
|  26|0x0000000705e00000, 0x0000000705e00000, 0x0000000705f00000|  0%| F|  |TAMS 0x0000000705e00000, 0x0000000705e00000| Untracked 
|  27|0x0000000705f00000, 0x0000000705f00000, 0x0000000706000000|  0%| F|  |TAMS 0x0000000705f00000, 0x0000000705f00000| Untracked 
|  28|0x0000000706000000, 0x0000000706000000, 0x0000000706100000|  0%| F|  |TAMS 0x0000000706000000, 0x0000000706000000| Untracked 
|  29|0x0000000706100000, 0x0000000706100000, 0x0000000706200000|  0%| F|  |TAMS 0x0000000706100000, 0x0000000706100000| Untracked 
|  30|0x0000000706200000, 0x0000000706200000, 0x0000000706300000|  0%| F|  |TAMS 0x0000000706200000, 0x0000000706200000| Untracked 
|  31|0x0000000706300000, 0x0000000706300000, 0x0000000706400000|  0%| F|  |TAMS 0x0000000706300000, 0x0000000706300000| Untracked 
|  32|0x0000000706400000, 0x0000000706400000, 0x0000000706500000|  0%| F|  |TAMS 0x0000000706400000, 0x0000000706400000| Untracked 
|  33|0x0000000706500000, 0x0000000706500000, 0x0000000706600000|  0%| F|  |TAMS 0x0000000706500000, 0x0000000706500000| Untracked 
|  34|0x0000000706600000, 0x0000000706600000, 0x0000000706700000|  0%| F|  |TAMS 0x0000000706600000, 0x0000000706600000| Untracked 
|  35|0x0000000706700000, 0x0000000706700000, 0x0000000706800000|  0%| F|  |TAMS 0x0000000706700000, 0x0000000706700000| Untracked 
|  36|0x0000000706800000, 0x0000000706800000, 0x0000000706900000|  0%| F|  |TAMS 0x0000000706800000, 0x0000000706800000| Untracked 
|  37|0x0000000706900000, 0x0000000706900000, 0x0000000706a00000|  0%| F|  |TAMS 0x0000000706900000, 0x0000000706900000| Untracked 
|  38|0x0000000706a00000, 0x0000000706a00000, 0x0000000706b00000|  0%| F|  |TAMS 0x0000000706a00000, 0x0000000706a00000| Untracked 
|  39|0x0000000706b00000, 0x0000000706b00000, 0x0000000706c00000|  0%| F|  |TAMS 0x0000000706b00000, 0x0000000706b00000| Untracked 
|  40|0x0000000706c00000, 0x0000000706c00000, 0x0000000706d00000|  0%| F|  |TAMS 0x0000000706c00000, 0x0000000706c00000| Untracked 
|  41|0x0000000706d00000, 0x0000000706d00000, 0x0000000706e00000|  0%| F|  |TAMS 0x0000000706d00000, 0x0000000706d00000| Untracked 
|  42|0x0000000706e00000, 0x0000000706e00000, 0x0000000706f00000|  0%| F|  |TAMS 0x0000000706e00000, 0x0000000706e00000| Untracked 
|  43|0x0000000706f00000, 0x0000000706f00000, 0x0000000707000000|  0%| F|  |TAMS 0x0000000706f00000, 0x0000000706f00000| Untracked 
|  44|0x0000000707000000, 0x0000000707000000, 0x0000000707100000|  0%| F|  |TAMS 0x0000000707000000, 0x0000000707000000| Untracked 
|  45|0x0000000707100000, 0x0000000707100000, 0x0000000707200000|  0%| F|  |TAMS 0x0000000707100000, 0x0000000707100000| Untracked 
|  46|0x0000000707200000, 0x0000000707200000, 0x0000000707300000|  0%| F|  |TAMS 0x0000000707200000, 0x0000000707200000| Untracked 
|  47|0x0000000707300000, 0x0000000707300000, 0x0000000707400000|  0%| F|  |TAMS 0x0000000707300000, 0x0000000707300000| Untracked 
|  48|0x0000000707400000, 0x0000000707400000, 0x0000000707500000|  0%| F|  |TAMS 0x0000000707400000, 0x0000000707400000| Untracked 
|  49|0x0000000707500000, 0x0000000707500000, 0x0000000707600000|  0%| F|  |TAMS 0x0000000707500000, 0x0000000707500000| Untracked 
|  50|0x0000000707600000, 0x0000000707600000, 0x0000000707700000|  0%| F|  |TAMS 0x0000000707600000, 0x0000000707600000| Untracked 
|  51|0x0000000707700000, 0x0000000707700000, 0x0000000707800000|  0%| F|  |TAMS 0x0000000707700000, 0x0000000707700000| Untracked 
|  52|0x0000000707800000, 0x0000000707800000, 0x0000000707900000|  0%| F|  |TAMS 0x0000000707800000, 0x0000000707800000| Untracked 
|  53|0x0000000707900000, 0x0000000707900000, 0x0000000707a00000|  0%| F|  |TAMS 0x0000000707900000, 0x0000000707900000| Untracked 
|  54|0x0000000707a00000, 0x0000000707a00000, 0x0000000707b00000|  0%| F|  |TAMS 0x0000000707a00000, 0x0000000707a00000| Untracked 
|  55|0x0000000707b00000, 0x0000000707b00000, 0x0000000707c00000|  0%| F|  |TAMS 0x0000000707b00000, 0x0000000707b00000| Untracked 
|  56|0x0000000707c00000, 0x0000000707c00000, 0x0000000707d00000|  0%| F|  |TAMS 0x0000000707c00000, 0x0000000707c00000| Untracked 
|  57|0x0000000707d00000, 0x0000000707d00000, 0x0000000707e00000|  0%| F|  |TAMS 0x0000000707d00000, 0x0000000707d00000| Untracked 
|  58|0x0000000707e00000, 0x0000000707e00000, 0x0000000707f00000|  0%| F|  |TAMS 0x0000000707e00000, 0x0000000707e00000| Untracked 
|  59|0x0000000707f00000, 0x0000000707f00000, 0x0000000708000000|  0%| F|  |TAMS 0x0000000707f00000, 0x0000000707f00000| Untracked 
|  60|0x0000000708000000, 0x0000000708000000, 0x0000000708100000|  0%| F|  |TAMS 0x0000000708000000, 0x0000000708000000| Untracked 
|  61|0x0000000708100000, 0x0000000708100000, 0x0000000708200000|  0%| F|  |TAMS 0x0000000708100000, 0x0000000708100000| Untracked 
|  62|0x0000000708200000, 0x0000000708200000, 0x0000000708300000|  0%| F|  |TAMS 0x0000000708200000, 0x0000000708200000| Untracked 
|  63|0x0000000708300000, 0x0000000708300000, 0x0000000708400000|  0%| F|  |TAMS 0x0000000708300000, 0x0000000708300000| Untracked 
|  64|0x0000000708400000, 0x0000000708400000, 0x0000000708500000|  0%| F|  |TAMS 0x0000000708400000, 0x0000000708400000| Untracked 
|  65|0x0000000708500000, 0x0000000708500000, 0x0000000708600000|  0%| F|  |TAMS 0x0000000708500000, 0x0000000708500000| Untracked 
|  66|0x0000000708600000, 0x0000000708600000, 0x0000000708700000|  0%| F|  |TAMS 0x0000000708600000, 0x0000000708600000| Untracked 
|  67|0x0000000708700000, 0x0000000708700000, 0x0000000708800000|  0%| F|  |TAMS 0x0000000708700000, 0x0000000708700000| Untracked 
|  68|0x0000000708800000, 0x0000000708800000, 0x0000000708900000|  0%| F|  |TAMS 0x0000000708800000, 0x0000000708800000| Untracked 
|  69|0x0000000708900000, 0x0000000708900000, 0x0000000708a00000|  0%| F|  |TAMS 0x0000000708900000, 0x0000000708900000| Untracked 
|  70|0x0000000708a00000, 0x0000000708a00000, 0x0000000708b00000|  0%| F|  |TAMS 0x0000000708a00000, 0x0000000708a00000| Untracked 
|  71|0x0000000708b00000, 0x0000000708b00000, 0x0000000708c00000|  0%| F|  |TAMS 0x0000000708b00000, 0x0000000708b00000| Untracked 
|  72|0x0000000708c00000, 0x0000000708c00000, 0x0000000708d00000|  0%| F|  |TAMS 0x0000000708c00000, 0x0000000708c00000| Untracked 
|  73|0x0000000708d00000, 0x0000000708d00000, 0x0000000708e00000|  0%| F|  |TAMS 0x0000000708d00000, 0x0000000708d00000| Untracked 
|  74|0x0000000708e00000, 0x0000000708e00000, 0x0000000708f00000|  0%| F|  |TAMS 0x0000000708e00000, 0x0000000708e00000| Untracked 
|  75|0x0000000708f00000, 0x0000000708f00000, 0x0000000709000000|  0%| F|  |TAMS 0x0000000708f00000, 0x0000000708f00000| Untracked 
|  76|0x0000000709000000, 0x0000000709000000, 0x0000000709100000|  0%| F|  |TAMS 0x0000000709000000, 0x0000000709000000| Untracked 
|  77|0x0000000709100000, 0x0000000709100000, 0x0000000709200000|  0%| F|  |TAMS 0x0000000709100000, 0x0000000709100000| Untracked 
|  78|0x0000000709200000, 0x0000000709200000, 0x0000000709300000|  0%| F|  |TAMS 0x0000000709200000, 0x0000000709200000| Untracked 
|  79|0x0000000709300000, 0x0000000709300000, 0x0000000709400000|  0%| F|  |TAMS 0x0000000709300000, 0x0000000709300000| Untracked 
|  80|0x0000000709400000, 0x0000000709400000, 0x0000000709500000|  0%| F|  |TAMS 0x0000000709400000, 0x0000000709400000| Untracked 
|  81|0x0000000709500000, 0x0000000709500000, 0x0000000709600000|  0%| F|  |TAMS 0x0000000709500000, 0x0000000709500000| Untracked 
|  82|0x0000000709600000, 0x0000000709600000, 0x0000000709700000|  0%| F|  |TAMS 0x0000000709600000, 0x0000000709600000| Untracked 
|  83|0x0000000709700000, 0x0000000709700000, 0x0000000709800000|  0%| F|  |TAMS 0x0000000709700000, 0x0000000709700000| Untracked 
|  84|0x0000000709800000, 0x0000000709800000, 0x0000000709900000|  0%| F|  |TAMS 0x0000000709800000, 0x0000000709800000| Untracked 
|  85|0x0000000709900000, 0x0000000709900000, 0x0000000709a00000|  0%| F|  |TAMS 0x0000000709900000, 0x0000000709900000| Untracked 
|  86|0x0000000709a00000, 0x0000000709a00000, 0x0000000709b00000|  0%| F|  |TAMS 0x0000000709a00000, 0x0000000709a00000| Untracked 
|  87|0x0000000709b00000, 0x0000000709b00000, 0x0000000709c00000|  0%| F|  |TAMS 0x0000000709b00000, 0x0000000709b00000| Untracked 
|  88|0x0000000709c00000, 0x0000000709c00000, 0x0000000709d00000|  0%| F|  |TAMS 0x0000000709c00000, 0x0000000709c00000| Untracked 
|  89|0x0000000709d00000, 0x0000000709d00000, 0x0000000709e00000|  0%| F|  |TAMS 0x0000000709d00000, 0x0000000709d00000| Untracked 
|  90|0x0000000709e00000, 0x0000000709e00000, 0x0000000709f00000|  0%| F|  |TAMS 0x0000000709e00000, 0x0000000709e00000| Untracked 
|  91|0x0000000709f00000, 0x0000000709f00000, 0x000000070a000000|  0%| F|  |TAMS 0x0000000709f00000, 0x0000000709f00000| Untracked 
|  92|0x000000070a000000, 0x000000070a000000, 0x000000070a100000|  0%| F|  |TAMS 0x000000070a000000, 0x000000070a000000| Untracked 
|  93|0x000000070a100000, 0x000000070a100000, 0x000000070a200000|  0%| F|  |TAMS 0x000000070a100000, 0x000000070a100000| Untracked 
|  94|0x000000070a200000, 0x000000070a200000, 0x000000070a300000|  0%| F|  |TAMS 0x000000070a200000, 0x000000070a200000| Untracked 
|  95|0x000000070a300000, 0x000000070a300000, 0x000000070a400000|  0%| F|  |TAMS 0x000000070a300000, 0x000000070a300000| Untracked 
|  96|0x000000070a400000, 0x000000070a400000, 0x000000070a500000|  0%| F|  |TAMS 0x000000070a400000, 0x000000070a400000| Untracked 
|  97|0x000000070a500000, 0x000000070a500000, 0x000000070a600000|  0%| F|  |TAMS 0x000000070a500000, 0x000000070a500000| Untracked 
|  98|0x000000070a600000, 0x000000070a600000, 0x000000070a700000|  0%| F|  |TAMS 0x000000070a600000, 0x000000070a600000| Untracked 
|  99|0x000000070a700000, 0x000000070a700000, 0x000000070a800000|  0%| F|  |TAMS 0x000000070a700000, 0x000000070a700000| Untracked 
| 100|0x000000070a800000, 0x000000070a800000, 0x000000070a900000|  0%| F|  |TAMS 0x000000070a800000, 0x000000070a800000| Untracked 
| 101|0x000000070a900000, 0x000000070a900000, 0x000000070aa00000|  0%| F|  |TAMS 0x000000070a900000, 0x000000070a900000| Untracked 
| 102|0x000000070aa00000, 0x000000070aa00000, 0x000000070ab00000|  0%| F|  |TAMS 0x000000070aa00000, 0x000000070aa00000| Untracked 
| 103|0x000000070ab00000, 0x000000070ab00000, 0x000000070ac00000|  0%| F|  |TAMS 0x000000070ab00000, 0x000000070ab00000| Untracked 
| 104|0x000000070ac00000, 0x000000070ac00000, 0x000000070ad00000|  0%| F|  |TAMS 0x000000070ac00000, 0x000000070ac00000| Untracked 
| 105|0x000000070ad00000, 0x000000070ad00000, 0x000000070ae00000|  0%| F|  |TAMS 0x000000070ad00000, 0x000000070ad00000| Untracked 
| 106|0x000000070ae00000, 0x000000070ae00000, 0x000000070af00000|  0%| F|  |TAMS 0x000000070ae00000, 0x000000070ae00000| Untracked 
| 107|0x000000070af00000, 0x000000070af00000, 0x000000070b000000|  0%| F|  |TAMS 0x000000070af00000, 0x000000070af00000| Untracked 
| 108|0x000000070b000000, 0x000000070b000000, 0x000000070b100000|  0%| F|  |TAMS 0x000000070b000000, 0x000000070b000000| Untracked 
| 109|0x000000070b100000, 0x000000070b100000, 0x000000070b200000|  0%| F|  |TAMS 0x000000070b100000, 0x000000070b100000| Untracked 
| 110|0x000000070b200000, 0x000000070b200000, 0x000000070b300000|  0%| F|  |TAMS 0x000000070b200000, 0x000000070b200000| Untracked 
| 111|0x000000070b300000, 0x000000070b300000, 0x000000070b400000|  0%| F|  |TAMS 0x000000070b300000, 0x000000070b300000| Untracked 
| 112|0x000000070b400000, 0x000000070b400000, 0x000000070b500000|  0%| F|  |TAMS 0x000000070b400000, 0x000000070b400000| Untracked 
| 113|0x000000070b500000, 0x000000070b500000, 0x000000070b600000|  0%| F|  |TAMS 0x000000070b500000, 0x000000070b500000| Untracked 
| 114|0x000000070b600000, 0x000000070b600000, 0x000000070b700000|  0%| F|  |TAMS 0x000000070b600000, 0x000000070b600000| Untracked 
| 115|0x000000070b700000, 0x000000070b700000, 0x000000070b800000|  0%| F|  |TAMS 0x000000070b700000, 0x000000070b700000| Untracked 
| 116|0x000000070b800000, 0x000000070b800000, 0x000000070b900000|  0%| F|  |TAMS 0x000000070b800000, 0x000000070b800000| Untracked 
| 117|0x000000070b900000, 0x000000070b900000, 0x000000070ba00000|  0%| F|  |TAMS 0x000000070b900000, 0x000000070b900000| Untracked 
| 118|0x000000070ba00000, 0x000000070ba00000, 0x000000070bb00000|  0%| F|  |TAMS 0x000000070ba00000, 0x000000070ba00000| Untracked 
| 119|0x000000070bb00000, 0x000000070bb00000, 0x000000070bc00000|  0%| F|  |TAMS 0x000000070bb00000, 0x000000070bb00000| Untracked 
| 120|0x000000070bc00000, 0x000000070bc00000, 0x000000070bd00000|  0%| F|  |TAMS 0x000000070bc00000, 0x000000070bc00000| Untracked 
| 121|0x000000070bd00000, 0x000000070bd00000, 0x000000070be00000|  0%| F|  |TAMS 0x000000070bd00000, 0x000000070bd00000| Untracked 
| 122|0x000000070be00000, 0x000000070be00000, 0x000000070bf00000|  0%| F|  |TAMS 0x000000070be00000, 0x000000070be00000| Untracked 
| 123|0x000000070bf00000, 0x000000070bf00000, 0x000000070c000000|  0%| F|  |TAMS 0x000000070bf00000, 0x000000070bf00000| Untracked 
| 124|0x000000070c000000, 0x000000070c000000, 0x000000070c100000|  0%| F|  |TAMS 0x000000070c000000, 0x000000070c000000| Untracked 
| 125|0x000000070c100000, 0x000000070c100000, 0x000000070c200000|  0%| F|  |TAMS 0x000000070c100000, 0x000000070c100000| Untracked 
| 126|0x000000070c200000, 0x000000070c200000, 0x000000070c300000|  0%| F|  |TAMS 0x000000070c200000, 0x000000070c200000| Untracked 
| 127|0x000000070c300000, 0x000000070c300000, 0x000000070c400000|  0%| F|  |TAMS 0x000000070c300000, 0x000000070c300000| Untracked 
| 128|0x000000070c400000, 0x000000070c400000, 0x000000070c500000|  0%| F|  |TAMS 0x000000070c400000, 0x000000070c400000| Untracked 
| 129|0x000000070c500000, 0x000000070c500000, 0x000000070c600000|  0%| F|  |TAMS 0x000000070c500000, 0x000000070c500000| Untracked 
| 130|0x000000070c600000, 0x000000070c600000, 0x000000070c700000|  0%| F|  |TAMS 0x000000070c600000, 0x000000070c600000| Untracked 
| 131|0x000000070c700000, 0x000000070c700000, 0x000000070c800000|  0%| F|  |TAMS 0x000000070c700000, 0x000000070c700000| Untracked 
| 132|0x000000070c800000, 0x000000070c800000, 0x000000070c900000|  0%| F|  |TAMS 0x000000070c800000, 0x000000070c800000| Untracked 
| 133|0x000000070c900000, 0x000000070c900000, 0x000000070ca00000|  0%| F|  |TAMS 0x000000070c900000, 0x000000070c900000| Untracked 
| 134|0x000000070ca00000, 0x000000070ca00000, 0x000000070cb00000|  0%| F|  |TAMS 0x000000070ca00000, 0x000000070ca00000| Untracked 
| 135|0x000000070cb00000, 0x000000070cb00000, 0x000000070cc00000|  0%| F|  |TAMS 0x000000070cb00000, 0x000000070cb00000| Untracked 
| 136|0x000000070cc00000, 0x000000070cc00000, 0x000000070cd00000|  0%| F|  |TAMS 0x000000070cc00000, 0x000000070cc00000| Untracked 
| 137|0x000000070cd00000, 0x000000070cd00000, 0x000000070ce00000|  0%| F|  |TAMS 0x000000070cd00000, 0x000000070cd00000| Untracked 
| 138|0x000000070ce00000, 0x000000070ce00000, 0x000000070cf00000|  0%| F|  |TAMS 0x000000070ce00000, 0x000000070ce00000| Untracked 
| 139|0x000000070cf00000, 0x000000070cf00000, 0x000000070d000000|  0%| F|  |TAMS 0x000000070cf00000, 0x000000070cf00000| Untracked 
| 140|0x000000070d000000, 0x000000070d000000, 0x000000070d100000|  0%| F|  |TAMS 0x000000070d000000, 0x000000070d000000| Untracked 
| 141|0x000000070d100000, 0x000000070d100000, 0x000000070d200000|  0%| F|  |TAMS 0x000000070d100000, 0x000000070d100000| Untracked 
| 142|0x000000070d200000, 0x000000070d200000, 0x000000070d300000|  0%| F|  |TAMS 0x000000070d200000, 0x000000070d200000| Untracked 
| 143|0x000000070d300000, 0x000000070d300000, 0x000000070d400000|  0%| F|  |TAMS 0x000000070d300000, 0x000000070d300000| Untracked 
| 144|0x000000070d400000, 0x000000070d400000, 0x000000070d500000|  0%| F|  |TAMS 0x000000070d400000, 0x000000070d400000| Untracked 
| 145|0x000000070d500000, 0x000000070d500000, 0x000000070d600000|  0%| F|  |TAMS 0x000000070d500000, 0x000000070d500000| Untracked 
| 146|0x000000070d600000, 0x000000070d600000, 0x000000070d700000|  0%| F|  |TAMS 0x000000070d600000, 0x000000070d600000| Untracked 
| 147|0x000000070d700000, 0x000000070d700000, 0x000000070d800000|  0%| F|  |TAMS 0x000000070d700000, 0x000000070d700000| Untracked 
| 148|0x000000070d800000, 0x000000070d800000, 0x000000070d900000|  0%| F|  |TAMS 0x000000070d800000, 0x000000070d800000| Untracked 
| 149|0x000000070d900000, 0x000000070d900000, 0x000000070da00000|  0%| F|  |TAMS 0x000000070d900000, 0x000000070d900000| Untracked 
| 150|0x000000070da00000, 0x000000070da00000, 0x000000070db00000|  0%| F|  |TAMS 0x000000070da00000, 0x000000070da00000| Untracked 
| 151|0x000000070db00000, 0x000000070db00000, 0x000000070dc00000|  0%| F|  |TAMS 0x000000070db00000, 0x000000070db00000| Untracked 
| 152|0x000000070dc00000, 0x000000070dc00000, 0x000000070dd00000|  0%| F|  |TAMS 0x000000070dc00000, 0x000000070dc00000| Untracked 
| 153|0x000000070dd00000, 0x000000070dd00000, 0x000000070de00000|  0%| F|  |TAMS 0x000000070dd00000, 0x000000070dd00000| Untracked 
| 154|0x000000070de00000, 0x000000070de00000, 0x000000070df00000|  0%| F|  |TAMS 0x000000070de00000, 0x000000070de00000| Untracked 
| 155|0x000000070df00000, 0x000000070df00000, 0x000000070e000000|  0%| F|  |TAMS 0x000000070df00000, 0x000000070df00000| Untracked 
| 156|0x000000070e000000, 0x000000070e000000, 0x000000070e100000|  0%| F|  |TAMS 0x000000070e000000, 0x000000070e000000| Untracked 
| 157|0x000000070e100000, 0x000000070e100000, 0x000000070e200000|  0%| F|  |TAMS 0x000000070e100000, 0x000000070e100000| Untracked 
| 158|0x000000070e200000, 0x000000070e200000, 0x000000070e300000|  0%| F|  |TAMS 0x000000070e200000, 0x000000070e200000| Untracked 
| 159|0x000000070e300000, 0x000000070e300000, 0x000000070e400000|  0%| F|  |TAMS 0x000000070e300000, 0x000000070e300000| Untracked 
| 160|0x000000070e400000, 0x000000070e400000, 0x000000070e500000|  0%| F|  |TAMS 0x000000070e400000, 0x000000070e400000| Untracked 
| 161|0x000000070e500000, 0x000000070e500000, 0x000000070e600000|  0%| F|  |TAMS 0x000000070e500000, 0x000000070e500000| Untracked 
| 162|0x000000070e600000, 0x000000070e600000, 0x000000070e700000|  0%| F|  |TAMS 0x000000070e600000, 0x000000070e600000| Untracked 
| 163|0x000000070e700000, 0x000000070e700000, 0x000000070e800000|  0%| F|  |TAMS 0x000000070e700000, 0x000000070e700000| Untracked 
| 164|0x000000070e800000, 0x000000070e800000, 0x000000070e900000|  0%| F|  |TAMS 0x000000070e800000, 0x000000070e800000| Untracked 
| 165|0x000000070e900000, 0x000000070e900000, 0x000000070ea00000|  0%| F|  |TAMS 0x000000070e900000, 0x000000070e900000| Untracked 
| 166|0x000000070ea00000, 0x000000070ea00000, 0x000000070eb00000|  0%| F|  |TAMS 0x000000070ea00000, 0x000000070ea00000| Untracked 
| 167|0x000000070eb00000, 0x000000070eb00000, 0x000000070ec00000|  0%| F|  |TAMS 0x000000070eb00000, 0x000000070eb00000| Untracked 
| 168|0x000000070ec00000, 0x000000070ec00000, 0x000000070ed00000|  0%| F|  |TAMS 0x000000070ec00000, 0x000000070ec00000| Untracked 
| 169|0x000000070ed00000, 0x000000070ed00000, 0x000000070ee00000|  0%| F|  |TAMS 0x000000070ed00000, 0x000000070ed00000| Untracked 
| 170|0x000000070ee00000, 0x000000070ee00000, 0x000000070ef00000|  0%| F|  |TAMS 0x000000070ee00000, 0x000000070ee00000| Untracked 
| 171|0x000000070ef00000, 0x000000070ef00000, 0x000000070f000000|  0%| F|  |TAMS 0x000000070ef00000, 0x000000070ef00000| Untracked 
| 172|0x000000070f000000, 0x000000070f000000, 0x000000070f100000|  0%| F|  |TAMS 0x000000070f000000, 0x000000070f000000| Untracked 
| 173|0x000000070f100000, 0x000000070f100000, 0x000000070f200000|  0%| F|  |TAMS 0x000000070f100000, 0x000000070f100000| Untracked 
| 174|0x000000070f200000, 0x000000070f200000, 0x000000070f300000|  0%| F|  |TAMS 0x000000070f200000, 0x000000070f200000| Untracked 
| 175|0x000000070f300000, 0x000000070f300000, 0x000000070f400000|  0%| F|  |TAMS 0x000000070f300000, 0x000000070f300000| Untracked 
| 176|0x000000070f400000, 0x000000070f400000, 0x000000070f500000|  0%| F|  |TAMS 0x000000070f400000, 0x000000070f400000| Untracked 
| 177|0x000000070f500000, 0x000000070f500000, 0x000000070f600000|  0%| F|  |TAMS 0x000000070f500000, 0x000000070f500000| Untracked 
| 178|0x000000070f600000, 0x000000070f600000, 0x000000070f700000|  0%| F|  |TAMS 0x000000070f600000, 0x000000070f600000| Untracked 
| 179|0x000000070f700000, 0x000000070f700000, 0x000000070f800000|  0%| F|  |TAMS 0x000000070f700000, 0x000000070f700000| Untracked 
| 180|0x000000070f800000, 0x000000070f800000, 0x000000070f900000|  0%| F|  |TAMS 0x000000070f800000, 0x000000070f800000| Untracked 
| 181|0x000000070f900000, 0x000000070f900000, 0x000000070fa00000|  0%| F|  |TAMS 0x000000070f900000, 0x000000070f900000| Untracked 
| 182|0x000000070fa00000, 0x000000070fa00000, 0x000000070fb00000|  0%| F|  |TAMS 0x000000070fa00000, 0x000000070fa00000| Untracked 
| 183|0x000000070fb00000, 0x000000070fb00000, 0x000000070fc00000|  0%| F|  |TAMS 0x000000070fb00000, 0x000000070fb00000| Untracked 
| 184|0x000000070fc00000, 0x000000070fc00000, 0x000000070fd00000|  0%| F|  |TAMS 0x000000070fc00000, 0x000000070fc00000| Untracked 
| 185|0x000000070fd00000, 0x000000070fd00000, 0x000000070fe00000|  0%| F|  |TAMS 0x000000070fd00000, 0x000000070fd00000| Untracked 
| 186|0x000000070fe00000, 0x000000070fe00000, 0x000000070ff00000|  0%| F|  |TAMS 0x000000070fe00000, 0x000000070fe00000| Untracked 
| 187|0x000000070ff00000, 0x000000070ff00000, 0x0000000710000000|  0%| F|  |TAMS 0x000000070ff00000, 0x000000070ff00000| Untracked 
| 188|0x0000000710000000, 0x0000000710000000, 0x0000000710100000|  0%| F|  |TAMS 0x0000000710000000, 0x0000000710000000| Untracked 
| 189|0x0000000710100000, 0x0000000710100000, 0x0000000710200000|  0%| F|  |TAMS 0x0000000710100000, 0x0000000710100000| Untracked 
| 190|0x0000000710200000, 0x0000000710200000, 0x0000000710300000|  0%| F|  |TAMS 0x0000000710200000, 0x0000000710200000| Untracked 
| 191|0x0000000710300000, 0x0000000710300000, 0x0000000710400000|  0%| F|  |TAMS 0x0000000710300000, 0x0000000710300000| Untracked 
| 192|0x0000000710400000, 0x0000000710400000, 0x0000000710500000|  0%| F|  |TAMS 0x0000000710400000, 0x0000000710400000| Untracked 
| 193|0x0000000710500000, 0x0000000710500000, 0x0000000710600000|  0%| F|  |TAMS 0x0000000710500000, 0x0000000710500000| Untracked 
| 194|0x0000000710600000, 0x0000000710600000, 0x0000000710700000|  0%| F|  |TAMS 0x0000000710600000, 0x0000000710600000| Untracked 
| 195|0x0000000710700000, 0x0000000710700000, 0x0000000710800000|  0%| F|  |TAMS 0x0000000710700000, 0x0000000710700000| Untracked 
| 196|0x0000000710800000, 0x0000000710800000, 0x0000000710900000|  0%| F|  |TAMS 0x0000000710800000, 0x0000000710800000| Untracked 
| 197|0x0000000710900000, 0x0000000710900000, 0x0000000710a00000|  0%| F|  |TAMS 0x0000000710900000, 0x0000000710900000| Untracked 
| 198|0x0000000710a00000, 0x0000000710a00000, 0x0000000710b00000|  0%| F|  |TAMS 0x0000000710a00000, 0x0000000710a00000| Untracked 
| 199|0x0000000710b00000, 0x0000000710b00000, 0x0000000710c00000|  0%| F|  |TAMS 0x0000000710b00000, 0x0000000710b00000| Untracked 
| 200|0x0000000710c00000, 0x0000000710c00000, 0x0000000710d00000|  0%| F|  |TAMS 0x0000000710c00000, 0x0000000710c00000| Untracked 
| 201|0x0000000710d00000, 0x0000000710d00000, 0x0000000710e00000|  0%| F|  |TAMS 0x0000000710d00000, 0x0000000710d00000| Untracked 
| 202|0x0000000710e00000, 0x0000000710e00000, 0x0000000710f00000|  0%| F|  |TAMS 0x0000000710e00000, 0x0000000710e00000| Untracked 
| 203|0x0000000710f00000, 0x0000000710f00000, 0x0000000711000000|  0%| F|  |TAMS 0x0000000710f00000, 0x0000000710f00000| Untracked 
| 204|0x0000000711000000, 0x0000000711000000, 0x0000000711100000|  0%| F|  |TAMS 0x0000000711000000, 0x0000000711000000| Untracked 
| 205|0x0000000711100000, 0x0000000711100000, 0x0000000711200000|  0%| F|  |TAMS 0x0000000711100000, 0x0000000711100000| Untracked 
| 206|0x0000000711200000, 0x0000000711200000, 0x0000000711300000|  0%| F|  |TAMS 0x0000000711200000, 0x0000000711200000| Untracked 
| 207|0x0000000711300000, 0x0000000711300000, 0x0000000711400000|  0%| F|  |TAMS 0x0000000711300000, 0x0000000711300000| Untracked 
| 208|0x0000000711400000, 0x0000000711400000, 0x0000000711500000|  0%| F|  |TAMS 0x0000000711400000, 0x0000000711400000| Untracked 
| 209|0x0000000711500000, 0x0000000711500000, 0x0000000711600000|  0%| F|  |TAMS 0x0000000711500000, 0x0000000711500000| Untracked 
| 210|0x0000000711600000, 0x0000000711600000, 0x0000000711700000|  0%| F|  |TAMS 0x0000000711600000, 0x0000000711600000| Untracked 
| 211|0x0000000711700000, 0x0000000711700000, 0x0000000711800000|  0%| F|  |TAMS 0x0000000711700000, 0x0000000711700000| Untracked 
| 212|0x0000000711800000, 0x0000000711800000, 0x0000000711900000|  0%| F|  |TAMS 0x0000000711800000, 0x0000000711800000| Untracked 
| 213|0x0000000711900000, 0x0000000711900000, 0x0000000711a00000|  0%| F|  |TAMS 0x0000000711900000, 0x0000000711900000| Untracked 
| 214|0x0000000711a00000, 0x0000000711a00000, 0x0000000711b00000|  0%| F|  |TAMS 0x0000000711a00000, 0x0000000711a00000| Untracked 
| 215|0x0000000711b00000, 0x0000000711b00000, 0x0000000711c00000|  0%| F|  |TAMS 0x0000000711b00000, 0x0000000711b00000| Untracked 
| 216|0x0000000711c00000, 0x0000000711c00000, 0x0000000711d00000|  0%| F|  |TAMS 0x0000000711c00000, 0x0000000711c00000| Untracked 
| 217|0x0000000711d00000, 0x0000000711d00000, 0x0000000711e00000|  0%| F|  |TAMS 0x0000000711d00000, 0x0000000711d00000| Untracked 
| 218|0x0000000711e00000, 0x0000000711e00000, 0x0000000711f00000|  0%| F|  |TAMS 0x0000000711e00000, 0x0000000711e00000| Untracked 
| 219|0x0000000711f00000, 0x0000000711f00000, 0x0000000712000000|  0%| F|  |TAMS 0x0000000711f00000, 0x0000000711f00000| Untracked 
| 220|0x0000000712000000, 0x0000000712000000, 0x0000000712100000|  0%| F|  |TAMS 0x0000000712000000, 0x0000000712000000| Untracked 
| 221|0x0000000712100000, 0x0000000712100000, 0x0000000712200000|  0%| F|  |TAMS 0x0000000712100000, 0x0000000712100000| Untracked 
| 222|0x0000000712200000, 0x0000000712200000, 0x0000000712300000|  0%| F|  |TAMS 0x0000000712200000, 0x0000000712200000| Untracked 
| 223|0x0000000712300000, 0x0000000712300000, 0x0000000712400000|  0%| F|  |TAMS 0x0000000712300000, 0x0000000712300000| Untracked 
| 224|0x0000000712400000, 0x0000000712400000, 0x0000000712500000|  0%| F|  |TAMS 0x0000000712400000, 0x0000000712400000| Untracked 
| 225|0x0000000712500000, 0x0000000712500000, 0x0000000712600000|  0%| F|  |TAMS 0x0000000712500000, 0x0000000712500000| Untracked 
| 226|0x0000000712600000, 0x0000000712600000, 0x0000000712700000|  0%| F|  |TAMS 0x0000000712600000, 0x0000000712600000| Untracked 
| 227|0x0000000712700000, 0x0000000712700000, 0x0000000712800000|  0%| F|  |TAMS 0x0000000712700000, 0x0000000712700000| Untracked 
| 228|0x0000000712800000, 0x0000000712800000, 0x0000000712900000|  0%| F|  |TAMS 0x0000000712800000, 0x0000000712800000| Untracked 
| 229|0x0000000712900000, 0x0000000712900000, 0x0000000712a00000|  0%| F|  |TAMS 0x0000000712900000, 0x0000000712900000| Untracked 
| 230|0x0000000712a00000, 0x0000000712a00000, 0x0000000712b00000|  0%| F|  |TAMS 0x0000000712a00000, 0x0000000712a00000| Untracked 
| 231|0x0000000712b00000, 0x0000000712b00000, 0x0000000712c00000|  0%| F|  |TAMS 0x0000000712b00000, 0x0000000712b00000| Untracked 
| 232|0x0000000712c00000, 0x0000000712c00000, 0x0000000712d00000|  0%| F|  |TAMS 0x0000000712c00000, 0x0000000712c00000| Untracked 
| 233|0x0000000712d00000, 0x0000000712d00000, 0x0000000712e00000|  0%| F|  |TAMS 0x0000000712d00000, 0x0000000712d00000| Untracked 
| 234|0x0000000712e00000, 0x0000000712e00000, 0x0000000712f00000|  0%| F|  |TAMS 0x0000000712e00000, 0x0000000712e00000| Untracked 
| 235|0x0000000712f00000, 0x0000000712f00000, 0x0000000713000000|  0%| F|  |TAMS 0x0000000712f00000, 0x0000000712f00000| Untracked 
| 236|0x0000000713000000, 0x0000000713000000, 0x0000000713100000|  0%| F|  |TAMS 0x0000000713000000, 0x0000000713000000| Untracked 
| 237|0x0000000713100000, 0x0000000713100000, 0x0000000713200000|  0%| F|  |TAMS 0x0000000713100000, 0x0000000713100000| Untracked 
| 238|0x0000000713200000, 0x0000000713200000, 0x0000000713300000|  0%| F|  |TAMS 0x0000000713200000, 0x0000000713200000| Untracked 
| 239|0x0000000713300000, 0x0000000713300000, 0x0000000713400000|  0%| F|  |TAMS 0x0000000713300000, 0x0000000713300000| Untracked 
| 240|0x0000000713400000, 0x0000000713400000, 0x0000000713500000|  0%| F|  |TAMS 0x0000000713400000, 0x0000000713400000| Untracked 
| 241|0x0000000713500000, 0x0000000713500000, 0x0000000713600000|  0%| F|  |TAMS 0x0000000713500000, 0x0000000713500000| Untracked 
| 242|0x0000000713600000, 0x0000000713600000, 0x0000000713700000|  0%| F|  |TAMS 0x0000000713600000, 0x0000000713600000| Untracked 
| 243|0x0000000713700000, 0x0000000713700000, 0x0000000713800000|  0%| F|  |TAMS 0x0000000713700000, 0x0000000713700000| Untracked 
| 244|0x0000000713800000, 0x0000000713800000, 0x0000000713900000|  0%| F|  |TAMS 0x0000000713800000, 0x0000000713800000| Untracked 
| 245|0x0000000713900000, 0x00000007139848c0, 0x0000000713a00000| 51%| E|  |TAMS 0x0000000713900000, 0x0000000713900000| Complete 
| 246|0x0000000713a00000, 0x0000000713b00000, 0x0000000713b00000|100%| E|  |TAMS 0x0000000713a00000, 0x0000000713a00000| Complete 
| 247|0x0000000713b00000, 0x0000000713c00000, 0x0000000713c00000|100%| E|CS|TAMS 0x0000000713b00000, 0x0000000713b00000| Complete 
| 248|0x0000000713c00000, 0x0000000713d00000, 0x0000000713d00000|100%| E|CS|TAMS 0x0000000713c00000, 0x0000000713c00000| Complete 
| 249|0x0000000713d00000, 0x0000000713e00000, 0x0000000713e00000|100%| E|CS|TAMS 0x0000000713d00000, 0x0000000713d00000| Complete 
| 250|0x0000000713e00000, 0x0000000713f00000, 0x0000000713f00000|100%| E|CS|TAMS 0x0000000713e00000, 0x0000000713e00000| Complete 
| 251|0x0000000713f00000, 0x0000000714000000, 0x0000000714000000|100%| E|CS|TAMS 0x0000000713f00000, 0x0000000713f00000| Complete 

Card table byte_map: [0x000001e5e48c0000,0x000001e5e50a0000] _byte_map_base: 0x000001e5e109e000

Marking Bits (Prev, Next): (CMBitMap*) 0x000001e5cc683668, (CMBitMap*) 0x000001e5cc6836a0
 Prev Bits: [0x000001e5e5880000, 0x000001e5e9770000)
 Next Bits: [0x000001e5e9770000, 0x000001e5ed660000)

Polling page: 0x000001e5ca550000

Metaspace:

Usage:
  Non-class:      9.28 MB capacity,     9.09 MB ( 98%) used,   177.43 KB (  2%) free+waste,     8.81 KB ( <1%) overhead. 
      Class:    941.00 KB capacity,   909.77 KB ( 97%) used,    27.91 KB (  3%) free+waste,     3.31 KB ( <1%) overhead. 
       Both:     10.19 MB capacity,     9.98 MB ( 98%) used,   205.34 KB (  2%) free+waste,    12.12 KB ( <1%) overhead. 

Virtual space:
  Non-class space:       10.00 MB reserved,       9.50 MB ( 95%) committed 
      Class space:        1.00 GB reserved,       1.00 MB ( <1%) committed 
             Both:        1.01 GB reserved,      10.50 MB (  1%) committed 

Chunk freelists:
   Non-Class:  38.00 KB
       Class:  19.00 KB
        Both:  57.00 KB

MaxMetaspaceSize: 17179869184.00 GB
CompressedClassSpaceSize: 1.00 GB
Initial GC threshold: 20.80 MB
Current GC threshold: 20.80 MB
CDS: off

CodeHeap 'non-profiled nmethods': size=120000Kb used=149Kb max_used=149Kb free=119850Kb
 bounds [0x000001e5dc880000, 0x000001e5dcaf0000, 0x000001e5e3db0000]
CodeHeap 'profiled nmethods': size=120000Kb used=673Kb max_used=673Kb free=119326Kb
 bounds [0x000001e5d5350000, 0x000001e5d55c0000, 0x000001e5dc880000]
CodeHeap 'non-nmethods': size=5760Kb used=1138Kb max_used=1147Kb free=4621Kb
 bounds [0x000001e5d4db0000, 0x000001e5d5020000, 0x000001e5d5350000]
 total_blobs=857 nmethods=478 adapters=292
 compilation: enabled
              stopped_count=0, restarted_count=0
 full_count=0

Compilation events (20 events):
Event: 0.369 Thread 0x000001e5f0b0f800  468   !   3       java.nio.DirectByteBuffer::get (28 bytes)
Event: 0.369 Thread 0x000001e5f0b0f800 nmethod 468 0x000001e5d53f5210 code [0x000001e5d53f5400, 0x000001e5d53f57e8]
Event: 0.369 Thread 0x000001e5f0b0f800  469       3       java.nio.Buffer::nextGetIndex (30 bytes)
Event: 0.369 Thread 0x000001e5f0b0f800 nmethod 469 0x000001e5d53f5a10 code [0x000001e5d53f5be0, 0x000001e5d53f5da8]
Event: 0.369 Thread 0x000001e5f0b0f800  470       3       jdk.internal.misc.Unsafe::getByte (7 bytes)
Event: 0.369 Thread 0x000001e5f0b0f800 nmethod 470 0x000001e5d53f5e90 code [0x000001e5d53f6040, 0x000001e5d53f6158]
Event: 0.370 Thread 0x000001e5f0b0f800  472       3       java.lang.String::substring (68 bytes)
Event: 0.370 Thread 0x000001e5f0b0f800 nmethod 472 0x000001e5d53f6210 code [0x000001e5d53f6460, 0x000001e5d53f6bb8]
Event: 0.370 Thread 0x000001e5f0b0f800  473       3       java.lang.StringUTF16::length (5 bytes)
Event: 0.371 Thread 0x000001e5f0b0f800 nmethod 473 0x000001e5d53f6e90 code [0x000001e5d53f7040, 0x000001e5d53f7138]
Event: 0.371 Thread 0x000001e5f0b0f800  474       3       java.lang.String::charAt (25 bytes)
Event: 0.371 Thread 0x000001e5f0b0f800 nmethod 474 0x000001e5d53f7210 code [0x000001e5d53f7420, 0x000001e5d53f7938]
Event: 0.372 Thread 0x000001e5f0b0f800  475       1       java.nio.Buffer::limit (5 bytes)
Event: 0.372 Thread 0x000001e5f0b0f800 nmethod 475 0x000001e5dc8a5110 code [0x000001e5dc8a52c0, 0x000001e5dc8a5378]
Event: 0.372 Thread 0x000001e5f0b0f800  476       3       java.util.Collections$UnmodifiableCollection$1::next (10 bytes)
Event: 0.372 Thread 0x000001e5f0b0f800 nmethod 476 0x000001e5d53f7b90 code [0x000001e5d53f7d40, 0x000001e5d53f7f08]
Event: 0.372 Thread 0x000001e5f0b0f800  477       1       java.nio.Buffer::position (5 bytes)
Event: 0.372 Thread 0x000001e5f0b0f800 nmethod 477 0x000001e5dc8a5410 code [0x000001e5dc8a55c0, 0x000001e5dc8a5678]
Event: 0.372 Thread 0x000001e5f0b0f800  478       3       java.util.HashSet::contains (9 bytes)
Event: 0.372 Thread 0x000001e5f0b0f800 nmethod 478 0x000001e5d53f8010 code [0x000001e5d53f8200, 0x000001e5d53f8638]

GC Heap History (0 events):
No events

Deoptimization events (20 events):
Event: 0.213 Thread 0x000001e5cc624800 DEOPT PACKING pc=0x000001e5dc88e4e4 sp=0x000000788c7fe050
Event: 0.213 Thread 0x000001e5cc624800 DEOPT UNPACKING pc=0x000001e5d4db85af sp=0x000000788c7fdff0 mode 2
Event: 0.318 Thread 0x000001e5cc624800 DEOPT PACKING pc=0x000001e5d53d11ce sp=0x000000788c7fb7b0
Event: 0.318 Thread 0x000001e5cc624800 DEOPT UNPACKING pc=0x000001e5d4df9d0e sp=0x000000788c7fac08 mode 0
Event: 0.323 Thread 0x000001e5cc624800 DEOPT PACKING pc=0x000001e5d53d11ce sp=0x000000788c7fcf40
Event: 0.323 Thread 0x000001e5cc624800 DEOPT UNPACKING pc=0x000001e5d4df9d0e sp=0x000000788c7fc398 mode 0
Event: 0.323 Thread 0x000001e5cc624800 DEOPT PACKING pc=0x000001e5d53d11ce sp=0x000000788c7fced0
Event: 0.323 Thread 0x000001e5cc624800 DEOPT UNPACKING pc=0x000001e5d4df9d0e sp=0x000000788c7fc328 mode 0
Event: 0.338 Thread 0x000001e5cc624800 DEOPT PACKING pc=0x000001e5d53d11ce sp=0x000000788c7fcef0
Event: 0.338 Thread 0x000001e5cc624800 DEOPT UNPACKING pc=0x000001e5d4df9d0e sp=0x000000788c7fc348 mode 0
Event: 0.346 Thread 0x000001e5cc624800 DEOPT PACKING pc=0x000001e5d53d10e3 sp=0x000000788c7fce80
Event: 0.346 Thread 0x000001e5cc624800 DEOPT UNPACKING pc=0x000001e5d4df9d0e sp=0x000000788c7fc2d8 mode 0
Event: 0.347 Thread 0x000001e5cc624800 DEOPT PACKING pc=0x000001e5d53d10e3 sp=0x000000788c7fcda0
Event: 0.347 Thread 0x000001e5cc624800 DEOPT UNPACKING pc=0x000001e5d4df9d0e sp=0x000000788c7fc1f8 mode 0
Event: 0.352 Thread 0x000001e5cc624800 DEOPT PACKING pc=0x000001e5d53b2ba4 sp=0x000000788c7fb900
Event: 0.352 Thread 0x000001e5cc624800 DEOPT UNPACKING pc=0x000001e5d4df9d0e sp=0x000000788c7fad98 mode 0
Event: 0.370 Thread 0x000001e5cc624800 Uncommon trap: trap_request=0xffffff4d fr.pc=0x000001e5dc886494 relative=0x0000000000000074
Event: 0.370 Thread 0x000001e5cc624800 Uncommon trap: reason=unstable_if action=reinterpret pc=0x000001e5dc886494 method=java.lang.String.isLatin1()Z @ 10 c2
Event: 0.370 Thread 0x000001e5cc624800 DEOPT PACKING pc=0x000001e5dc886494 sp=0x000000788c7fdcf0
Event: 0.370 Thread 0x000001e5cc624800 DEOPT UNPACKING pc=0x000001e5d4db85af sp=0x000000788c7fdc30 mode 2

Classes redefined (0 events):
No events

Internal exceptions (1 events):
Event: 0.371 Thread 0x000001e5cc624800 Exception <a 'java/lang/reflect/InvocationTargetException'{0x000000071393ea98}> (0x000000071393ea98) thrown at [s\src\hotspot\share\runtime\reflection.cpp, line 1245]

Events (20 events):
Event: 0.370 loading class java/util/Formatter$FixedString
Event: 0.370 loading class java/util/Formatter$FormatString
Event: 0.370 loading class java/util/Formatter$FormatString done
Event: 0.370 loading class java/util/Formatter$FixedString done
Event: 0.371 loading class java/util/Formatter$FormatSpecifier
Event: 0.371 loading class java/util/Formatter$FormatSpecifier done
Event: 0.371 loading class java/util/Formatter$Flags
Event: 0.371 loading class java/util/Formatter$Flags done
Event: 0.371 loading class java/util/Formatter$Conversion
Event: 0.371 loading class java/util/Formatter$Conversion done
Event: 0.371 loading class java/util/Formattable
Event: 0.371 loading class java/util/Formattable done
Event: 0.371 loading class java/lang/reflect/InvocationTargetException
Event: 0.371 loading class java/lang/reflect/InvocationTargetException done
Event: 0.371 loading class java/lang/Throwable$WrappedPrintStream
Event: 0.371 loading class java/lang/Throwable$PrintStreamOrWriter
Event: 0.372 loading class java/lang/Throwable$PrintStreamOrWriter done
Event: 0.372 loading class java/lang/Throwable$WrappedPrintStream done
Event: 0.372 loading class java/lang/StackTraceElement$HashedModules
Event: 0.372 loading class java/lang/StackTraceElement$HashedModules done


Dynamic libraries:
0x00007ff644070000 - 0x00007ff64407e000 	C:\woori_workspace\00.sw\jdk-11.0.21+9\bin\javaw.exe
0x00007ffc9fe70000 - 0x00007ffca0084000 	C:\WINDOWS\SYSTEM32\ntdll.dll
0x00007ffc9f190000 - 0x00007ffc9f253000 	C:\WINDOWS\System32\KERNEL32.DLL
0x00007ffc9d4c0000 - 0x00007ffc9d85c000 	C:\WINDOWS\System32\KERNELBASE.dll
0x00007ffc9d860000 - 0x00007ffc9d971000 	C:\WINDOWS\System32\ucrtbase.dll
0x00007ffc8cc50000 - 0x00007ffc8cc67000 	C:\woori_workspace\00.sw\jdk-11.0.21+9\bin\jli.dll
0x00007ffc88440000 - 0x00007ffc8845b000 	C:\woori_workspace\00.sw\jdk-11.0.21+9\bin\VCRUNTIME140.dll
0x00007ffc9eec0000 - 0x00007ffc9f06d000 	C:\WINDOWS\System32\USER32.dll
0x00007ffc87280000 - 0x00007ffc8750e000 	C:\WINDOWS\WinSxS\amd64_microsoft.windows.common-controls_6595b64144ccf1df_6.0.22621.608_none_a9444ca7c10bb01d\COMCTL32.dll
0x00007ffc9d490000 - 0x00007ffc9d4b6000 	C:\WINDOWS\System32\win32u.dll
0x00007ffc9f300000 - 0x00007ffc9f3a7000 	C:\WINDOWS\System32\msvcrt.dll
0x00007ffc9e470000 - 0x00007ffc9e499000 	C:\WINDOWS\System32\GDI32.dll
0x00007ffc9da00000 - 0x00007ffc9db13000 	C:\WINDOWS\System32\gdi32full.dll
0x00007ffc9db20000 - 0x00007ffc9dbba000 	C:\WINDOWS\System32\msvcp_win.dll
0x00007ffc9ec70000 - 0x00007ffc9eca1000 	C:\WINDOWS\System32\IMM32.DLL
0x00007ffc8dde0000 - 0x00007ffc8ddec000 	C:\woori_workspace\00.sw\jdk-11.0.21+9\bin\vcruntime140_1.dll
0x00007ffc6bb20000 - 0x00007ffc6bbad000 	C:\woori_workspace\00.sw\jdk-11.0.21+9\bin\msvcp140.dll
0x00007ffc19960000 - 0x00007ffc1a523000 	C:\woori_workspace\00.sw\jdk-11.0.21+9\bin\server\jvm.dll
0x00007ffc9ee10000 - 0x00007ffc9eebe000 	C:\WINDOWS\System32\ADVAPI32.dll
0x00007ffc9e4a0000 - 0x00007ffc9e544000 	C:\WINDOWS\System32\sechost.dll
0x00007ffc9f670000 - 0x00007ffc9f785000 	C:\WINDOWS\System32\RPCRT4.dll
0x00007ffc9e8e0000 - 0x00007ffc9e8e8000 	C:\WINDOWS\System32\PSAPI.DLL
0x00007ffc95d80000 - 0x00007ffc95d89000 	C:\WINDOWS\SYSTEM32\WSOCK32.dll
0x00007ffc93750000 - 0x00007ffc9375a000 	C:\WINDOWS\SYSTEM32\VERSION.dll
0x00007ffc9f280000 - 0x00007ffc9f2f1000 	C:\WINDOWS\System32\WS2_32.dll
0x00007ffc96c30000 - 0x00007ffc96c64000 	C:\WINDOWS\SYSTEM32\WINMM.dll
0x00007ffc9c270000 - 0x00007ffc9c288000 	C:\WINDOWS\SYSTEM32\kernel.appcore.dll
0x00007ffc95730000 - 0x00007ffc95740000 	C:\woori_workspace\00.sw\jdk-11.0.21+9\bin\verify.dll
0x00007ffc9ae50000 - 0x00007ffc9b07e000 	C:\WINDOWS\SYSTEM32\DBGHELP.DLL
0x00007ffc9e550000 - 0x00007ffc9e8d9000 	C:\WINDOWS\System32\combase.dll
0x00007ffc9eb90000 - 0x00007ffc9ec67000 	C:\WINDOWS\System32\OLEAUT32.dll
0x00007ffc96d50000 - 0x00007ffc96d82000 	C:\WINDOWS\SYSTEM32\dbgcore.DLL
0x00007ffc9d980000 - 0x00007ffc9d9fb000 	C:\WINDOWS\System32\bcryptPrimitives.dll
0x00007ffc93bb0000 - 0x00007ffc93bd8000 	C:\woori_workspace\00.sw\jdk-11.0.21+9\bin\java.dll
0x00007ffc94e50000 - 0x00007ffc94e5a000 	C:\woori_workspace\00.sw\jdk-11.0.21+9\bin\jimage.dll
0x00007ffc8cc40000 - 0x00007ffc8cc4e000 	C:\woori_workspace\00.sw\jdk-11.0.21+9\bin\instrument.dll
0x00007ffc93b90000 - 0x00007ffc93ba8000 	C:\woori_workspace\00.sw\jdk-11.0.21+9\bin\zip.dll
0x00007ffc9dc80000 - 0x00007ffc9e470000 	C:\WINDOWS\System32\SHELL32.dll
0x00007ffc9b2c0000 - 0x00007ffc9bb8e000 	C:\WINDOWS\SYSTEM32\windows.storage.dll
0x00007ffc9b180000 - 0x00007ffc9b2be000 	C:\WINDOWS\SYSTEM32\wintypes.dll
0x00007ffc9ed10000 - 0x00007ffc9ee01000 	C:\WINDOWS\System32\SHCORE.dll
0x00007ffc9ecb0000 - 0x00007ffc9ed0e000 	C:\WINDOWS\System32\shlwapi.dll
0x00007ffc9d1e0000 - 0x00007ffc9d201000 	C:\WINDOWS\SYSTEM32\profapi.dll
0x00007ffc93b50000 - 0x00007ffc93b69000 	C:\woori_workspace\00.sw\jdk-11.0.21+9\bin\net.dll
0x00007ffc94350000 - 0x00007ffc9447f000 	C:\WINDOWS\SYSTEM32\WINHTTP.dll
0x00007ffc9c770000 - 0x00007ffc9c7d9000 	C:\WINDOWS\system32\mswsock.dll
0x00007ffc935a0000 - 0x00007ffc935b2000 	C:\woori_workspace\00.sw\jdk-11.0.21+9\bin\nio.dll
0x00007ffc84140000 - 0x00007ffc84157000 	C:\WINDOWS\system32\napinsp.dll
0x00007ffc83320000 - 0x00007ffc8333b000 	C:\WINDOWS\system32\pnrpnsp.dll
0x00007ffc9be50000 - 0x00007ffc9bf43000 	C:\WINDOWS\SYSTEM32\DNSAPI.dll
0x00007ffc9bde0000 - 0x00007ffc9be0d000 	C:\WINDOWS\SYSTEM32\IPHLPAPI.DLL
0x00007ffc9eb20000 - 0x00007ffc9eb29000 	C:\WINDOWS\System32\NSI.dll
0x00007ffc832e0000 - 0x00007ffc832f1000 	C:\WINDOWS\System32\winrnr.dll
0x00007ffc91f50000 - 0x00007ffc91f65000 	C:\WINDOWS\system32\wshbth.dll
0x00007ffc83aa0000 - 0x00007ffc83ac1000 	C:\WINDOWS\system32\nlansp_c.dll
0x00007ffc92ed0000 - 0x00007ffc92eda000 	C:\Windows\System32\rasadhlp.dll
0x00007ffc927b0000 - 0x00007ffc92833000 	C:\WINDOWS\System32\fwpuclnt.dll

dbghelp: loaded successfully - version: 4.0.5 - missing functions: none
symbol engine: initialized successfully - sym options: 0x614 - pdb path: .;C:\woori_workspace\00.sw\jdk-11.0.21+9\bin;C:\WINDOWS\SYSTEM32;C:\WINDOWS\WinSxS\amd64_microsoft.windows.common-controls_6595b64144ccf1df_6.0.22621.608_none_a9444ca7c10bb01d;C:\woori_workspace\00.sw\jdk-11.0.21+9\bin\server

VM Arguments:
jvm_args: -javaagent:C:\woori_workspace\00.sw\eclipse\configuration\org.eclipse.osgi\962\0\.cp\jacocoagent.jar=includes=*,excludes=,exclclassloader=sun.reflect.DelegatingClassLoader,output=tcpclient,port=61199 -Dfile.encoding=UTF-8 
java_command: dev.syntax.oop.step04Commute.Main
java_class_path (initial): C:\Users\USER\Documents\GitHub\WooriFISA_Academy_Summary\10.java\3.basic-syntax\step02basicsyntax\bin
Launcher Type: SUN_STANDARD

[Global flags]
     intx CICompilerCount                          = 4                                         {product} {ergonomic}
     uint ConcGCThreads                            = 2                                         {product} {ergonomic}
     uint G1ConcRefinementThreads                  = 8                                         {product} {ergonomic}
   size_t G1HeapRegionSize                         = 1048576                                   {product} {ergonomic}
    uintx GCDrainStackTargetSize                   = 64                                        {product} {ergonomic}
   size_t InitialHeapSize                          = 264241152                                 {product} {ergonomic}
   size_t MarkStackSize                            = 4194304                                   {product} {ergonomic}
   size_t MaxHeapSize                              = 4223664128                                {product} {ergonomic}
   size_t MaxNewSize                               = 2533359616                                {product} {ergonomic}
   size_t MinHeapDeltaBytes                        = 1048576                                   {product} {ergonomic}
    uintx NonNMethodCodeHeapSize                   = 5836300                                {pd product} {ergonomic}
    uintx NonProfiledCodeHeapSize                  = 122910970                              {pd product} {ergonomic}
    uintx ProfiledCodeHeapSize                     = 122910970                              {pd product} {ergonomic}
    uintx ReservedCodeCacheSize                    = 251658240                              {pd product} {ergonomic}
     bool SegmentedCodeCache                       = true                                      {product} {ergonomic}
     bool UseCompressedClassPointers               = true                                 {lp64_product} {ergonomic}
     bool UseCompressedOops                        = true                                 {lp64_product} {ergonomic}
     bool UseG1GC                                  = true                                      {product} {ergonomic}
     bool UseLargePagesIndividualAllocation        = false                                  {pd product} {ergonomic}

Logging:
Log output configuration:
 #0: stdout all=warning uptime,level,tags
 #1: stderr all=off uptime,level,tags

Environment Variables:
JAVA_HOME=C:\Users\USER\.jdks\corretto-17.0.5
PATH=C:/woori_workspace/00.sw/jdk-11.0.21+9/bin/client;C:/woori_workspace/00.sw/jdk-11.0.21+9/bin;C:\woori_workspace\00.sw\jdk-11.0.21+9\bin;C:\Users\USER\.jdks\corretto-17.0.5\bin;C:\WINDOWS\system32;C:\WINDOWS;C:\WINDOWS\System32\Wbem;C:\WINDOWS\System32\WindowsPowerShell\v1.0\;C:\WINDOWS\System32\OpenSSH\;C:\Program Files\PuTTY\;C:\Program Files\Git\cmd;C:\Program Files\Zulu\zulu-8\bin\;C:\Program Files\nodejs\;C:\Users\USER\AppData\Local\Programs\Python\Python312\Scripts\;C:\Users\USER\AppData\Local\Programs\Python\Python312\;C:\Program Files\MySQL\MySQL Shell 8.0\bin\;C:\Users\USER\AppData\Local\Microsoft\WindowsApps;C:\Users\USER\AppData\Local\Programs\Microsoft VS Code\bin;C:\Users\USER\AppData\Local\Google\Cloud SDK\google-cloud-sdk\bin;C:\Users\USER\AppData\Local\GitHubDesktop\bin;C:\Program Files\JetBrains\IntelliJ IDEA Community Edition 2022.2.2\bin;;C:\Program Files\MariaDB 10.9\bin;C:\Users\USER\AppData\Roaming\npm;C:\woori_workspace\00.sw\eclipse;
USERNAME=USER
OS=Windows_NT
PROCESSOR_IDENTIFIER=Intel64 Family 6 Model 140 Stepping 1, GenuineIntel
TMP=C:\Users\USER\AppData\Local\Temp
TEMP=C:\Users\USER\AppData\Local\Temp



---------------  S Y S T E M  ---------------

OS: Windows 11 , 64 bit Build 22621 (10.0.22621.1344)
OS uptime: 40 days 9:40 hours

CPU:total 8 (initial active 8) (4 cores per cpu, 2 threads per core) family 6 model 140 stepping 1 microcode 0x8a, cmov, cx8, fxsr, mmx, sse, sse2, sse3, ssse3, sse4.1, sse4.2, popcnt, avx, avx2, aes, clmul, erms, 3dnowpref, lzcnt, ht, tsc, tscinvbit, bmi1, bmi2, adx, evex, sha, fma

Memory: 4k page, system-wide physical 16108M (3120M free)
TotalPageFile size 45804M (AvailPageFile size 21308M)
current process WorkingSet (physical memory assigned to process): 54M, peak: 54M
current process commit charge ("private bytes"): 343M, peak: 343M

vm_info: OpenJDK 64-Bit Server VM (11.0.21+9) for windows-amd64 JRE (11.0.21+9), built on Oct 17 2023 22:10:05 by "" with MS VC++ 16.10 / 16.11 (VS2019)

END.
